# JRE version: Java(TM) SE Runtime Environment (8.0_161-b12) (build 1.8.0_161-b12)
# Java VM: Java HotSpot(TM) 64-Bit Server VM (25.161-b12 mixed mode linux-amd64 compressed oops)
Heap:
 PSYoungGen      total 2259968K, used 0K [0x0000000715400000, 0x00000007bc580000, 0x00000007c0000000)
  eden space 1813504K, 0% used [0x0000000715400000,0x0000000715400000,0x0000000783f00000)
  from space 446464K, 0% used [0x0000000783f00000,0x0000000783f00000,0x000000079f300000)
  to   space 427008K, 0% used [0x00000007a2480000,0x00000007a2480000,0x00000007bc580000)
 ParOldGen       total 4467712K, used 4367463K [0x00000005bfc00000, 0x00000006d0700000, 0x0000000715400000)
  object space 4467712K, 97% used [0x00000005bfc00000,0x00000006ca519df0,0x00000006d0700000)
 Metaspace       used 46026K, capacity 48066K, committed 48216K, reserved 1091584K
  class space    used 5626K, capacity 6264K, committed 6272K, reserved 1048576K
GC Heap History (10 events):
Event: 58.645 GC heap after
Heap after GC invocations=28 (full 5):
 PSYoungGen      total 2267136K, used 452074K [0x0000000715400000, 0x00000007c0000000, 0x00000007c0000000)
  eden space 1815040K, 0% used [0x0000000715400000,0x0000000715400000,0x0000000784080000)
  from space 452096K, 99% used [0x0000000784080000,0x000000079f9fa868,0x000000079fa00000)
  to   space 515072K, 0% used [0x00000007a0900000,0x00000007a0900000,0x00000007c0000000)
 ParOldGen       total 4467712K, used 3004218K [0x00000005bfc00000, 0x00000006d0700000, 0x0000000715400000)
  object space 4467712K, 67% used [0x00000005bfc00000,0x00000006771ceb40,0x00000006d0700000)
 Metaspace       used 46025K, capacity 48066K, committed 48216K, reserved 1091584K
  class space    used 5625K, capacity 6264K, committed 6272K, reserved 1048576K
}
Event: 61.178 GC heap before
{Heap before GC invocations=29 (full 5):
 PSYoungGen      total 2267136K, used 2267114K [0x0000000715400000, 0x00000007c0000000, 0x00000007c0000000)
  eden space 1815040K, 100% used [0x0000000715400000,0x0000000784080000,0x0000000784080000)
  from space 452096K, 99% used [0x0000000784080000,0x000000079f9fa868,0x000000079fa00000)
  to   space 515072K, 0% used [0x00000007a0900000,0x00000007a0900000,0x00000007c0000000)
 ParOldGen       total 4467712K, used 3004218K [0x00000005bfc00000, 0x00000006d0700000, 0x0000000715400000)
  object space 4467712K, 67% used [0x00000005bfc00000,0x00000006771ceb40,0x00000006d0700000)
 Metaspace       used 46025K, capacity 48066K, committed 48216K, reserved 1091584K
  class space    used 5625K, capacity 6264K, committed 6272K, reserved 1048576K
Event: 61.693 GC heap after
Heap after GC invocations=29 (full 5):
 PSYoungGen      total 2307584K, used 236847K [0x0000000715400000, 0x00000007c0000000, 0x00000007c0000000)
  eden space 1792512K, 0% used [0x0000000715400000,0x0000000715400000,0x0000000782a80000)
  from space 515072K, 45% used [0x00000007a0900000,0x00000007af04bd68,0x00000007c0000000)
  to   space 489984K, 0% used [0x0000000782a80000,0x0000000782a80000,0x00000007a0900000)
 ParOldGen       total 4467712K, used 3453568K [0x00000005bfc00000, 0x00000006d0700000, 0x0000000715400000)
  object space 4467712K, 77% used [0x00000005bfc00000,0x00000006928a0110,0x00000006d0700000)
 Metaspace       used 46025K, capacity 48066K, committed 48216K, reserved 1091584K
  class space    used 5625K, capacity 6264K, committed 6272K, reserved 1048576K
}
Event: 64.240 GC heap before
{Heap before GC invocations=30 (full 5):
 PSYoungGen      total 2307584K, used 2029359K [0x0000000715400000, 0x00000007c0000000, 0x00000007c0000000)
  eden space 1792512K, 100% used [0x0000000715400000,0x0000000782a80000,0x0000000782a80000)
  from space 515072K, 45% used [0x00000007a0900000,0x00000007af04bd68,0x00000007c0000000)
  to   space 489984K, 0% used [0x0000000782a80000,0x0000000782a80000,0x00000007a0900000)
 ParOldGen       total 4467712K, used 3453568K [0x00000005bfc00000, 0x00000006d0700000, 0x0000000715400000)
  object space 4467712K, 77% used [0x00000005bfc00000,0x00000006928a0110,0x00000006d0700000)
 Metaspace       used 46025K, capacity 48066K, committed 48216K, reserved 1091584K
  class space    used 5625K, capacity 6264K, committed 6272K, reserved 1048576K
Event: 64.529 GC heap after
Heap after GC invocations=30 (full 5):
 PSYoungGen      total 2027008K, used 234278K [0x0000000715400000, 0x00000007bbb80000, 0x00000007c0000000)
  eden space 1792512K, 0% used [0x0000000715400000,0x0000000715400000,0x0000000782a80000)
  from space 234496K, 99% used [0x0000000782a80000,0x0000000790f498b8,0x0000000790f80000)
  to   space 467456K, 0% used [0x000000079f300000,0x000000079f300000,0x00000007bbb80000)
 ParOldGen       total 4467712K, used 3685204K [0x00000005bfc00000, 0x00000006d0700000, 0x0000000715400000)
  object space 4467712K, 82% used [0x00000005bfc00000,0x00000006a0ad51b0,0x00000006d0700000)
 Metaspace       used 46025K, capacity 48066K, committed 48216K, reserved 1091584K
  class space    used 5625K, capacity 6264K, committed 6272K, reserved 1048576K
}
Event: 67.070 GC heap before
{Heap before GC invocations=31 (full 5):
 PSYoungGen      total 2027008K, used 2026790K [0x0000000715400000, 0x00000007bbb80000, 0x00000007c0000000)
  eden space 1792512K, 100% used [0x0000000715400000,0x0000000782a80000,0x0000000782a80000)
  from space 234496K, 99% used [0x0000000782a80000,0x0000000790f498b8,0x0000000790f80000)
  to   space 467456K, 0% used [0x000000079f300000,0x000000079f300000,0x00000007bbb80000)
 ParOldGen       total 4467712K, used 3685204K [0x00000005bfc00000, 0x00000006d0700000, 0x0000000715400000)
  object space 4467712K, 82% used [0x00000005bfc00000,0x00000006a0ad51b0,0x00000006d0700000)
 Metaspace       used 46025K, capacity 48066K, committed 48216K, reserved 1091584K
  class space    used 5625K, capacity 6264K, committed 6272K, reserved 1048576K
Event: 67.406 GC heap after
Heap after GC invocations=31 (full 5):
 PSYoungGen      total 2280960K, used 234387K [0x0000000715400000, 0x00000007c0000000, 0x00000007c0000000)
  eden space 1813504K, 0% used [0x0000000715400000,0x0000000715400000,0x0000000783f00000)
  from space 467456K, 50% used [0x000000079f300000,0x00000007ad7e4c98,0x00000007bbb80000)
  to   space 446464K, 0% used [0x0000000783f00000,0x0000000783f00000,0x000000079f300000)
 ParOldGen       total 4467712K, used 3914144K [0x00000005bfc00000, 0x00000006d0700000, 0x0000000715400000)
  object space 4467712K, 87% used [0x00000005bfc00000,0x00000006aea681a0,0x00000006d0700000)
 Metaspace       used 46025K, capacity 48066K, committed 48216K, reserved 1091584K
  class space    used 5625K, capacity 6264K, committed 6272K, reserved 1048576K
}
Event: 70.112 GC heap before
{Heap before GC invocations=32 (full 5):
 PSYoungGen      total 2280960K, used 2047891K [0x0000000715400000, 0x00000007c0000000, 0x00000007c0000000)
  eden space 1813504K, 100% used [0x0000000715400000,0x0000000783f00000,0x0000000783f00000)
  from space 467456K, 50% used [0x000000079f300000,0x00000007ad7e4c98,0x00000007bbb80000)
  to   space 446464K, 0% used [0x0000000783f00000,0x0000000783f00000,0x000000079f300000)
 ParOldGen       total 4467712K, used 3914144K [0x00000005bfc00000, 0x00000006d0700000, 0x0000000715400000)
  object space 4467712K, 87% used [0x00000005bfc00000,0x00000006aea681a0,0x00000006d0700000)
 Metaspace       used 46026K, capacity 48066K, committed 48216K, reserved 1091584K
  class space    used 5626K, capacity 6264K, committed 6272K, reserved 1048576K
Event: 70.331 GC heap after
Heap after GC invocations=32 (full 5):
 PSYoungGen      total 2259968K, used 239017K [0x0000000715400000, 0x00000007bc580000, 0x00000007c0000000)
  eden space 1813504K, 0% used [0x0000000715400000,0x0000000715400000,0x0000000783f00000)
  from space 446464K, 53% used [0x0000000783f00000,0x000000079286a4a0,0x000000079f300000)
  to   space 427008K, 0% used [0x00000007a2480000,0x00000007a2480000,0x00000007bc580000)
 ParOldGen       total 4467712K, used 4142484K [0x00000005bfc00000, 0x00000006d0700000, 0x0000000715400000)
  object space 4467712K, 92% used [0x00000005bfc00000,0x00000006bc965170,0x00000006d0700000)
 Metaspace       used 46026K, capacity 48066K, committed 48216K, reserved 1091584K
  class space    used 5626K, capacity 6264K, committed 6272K, reserved 1048576K
}
Event: 70.331 GC heap before
{Heap before GC invocations=33 (full 6):
 PSYoungGen      total 2259968K, used 239017K [0x0000000715400000, 0x00000007bc580000, 0x00000007c0000000)
  eden space 1813504K, 0% used [0x0000000715400000,0x0000000715400000,0x0000000783f00000)
  from space 446464K, 53% used [0x0000000783f00000,0x000000079286a4a0,0x000000079f300000)
  to   space 427008K, 0% used [0x00000007a2480000,0x00000007a2480000,0x00000007bc580000)
 ParOldGen       total 4467712K, used 4142484K [0x00000005bfc00000, 0x00000006d0700000, 0x0000000715400000)
  object space 4467712K, 92% used [0x00000005bfc00000,0x00000006bc965170,0x00000006d0700000)
 Metaspace       used 46026K, capacity 48066K, committed 48216K, reserved 1091584K
  class space    used 5626K, capacity 6264K, committed 6272K, reserved 1048576K

